* using log directory ‘/Users/sebas/git_projects/Exercice_7/printVersion.Rcheck’
* using R version 3.4.0 (2017-04-21)
* using platform: x86_64-apple-darwin15.6.0 (64-bit)
* using session charset: UTF-8
* checking for file ‘printVersion/DESCRIPTION’ ... OK
* this is package ‘printVersion’ version ‘0.0.0.9000’
* package encoding: UTF-8
* checking package namespace information ... OK
* checking package dependencies ... OK
* checking if this is a source package ... OK
* checking if there is a namespace ... OK
* checking for executable files ... OK
* checking for hidden files and directories ... NOTE
Found the following hidden files and directories:
  .gitignore
These were most likely included in error. See section ‘Package
structure’ in the ‘Writing R Extensions’ manual.
* checking for portable file names ... OK
* checking for sufficient/correct file permissions ... OK
* checking whether package ‘printVersion’ can be installed ... ERROR
Installation failed.
See ‘/Users/sebas/git_projects/Exercice_7/printVersion.Rcheck/00install.out’ for details.
* DONE
Status: 1 ERROR, 1 NOTE
